WARNING - 2024-04-25 20:51:14 --> [DEPRECATED] Creation of dynamic property App\Controllers\Products::$category is deprecated in APPPATH\Controllers\Products.php on line 16.
 1 SYSTEMPATH\CodeIgniter.php(913): App\Controllers\Products->__construct()
 2 SYSTEMPATH\CodeIgniter.php(493): CodeIgniter\CodeIgniter->createController()
 3 SYSTEMPATH\CodeIgniter.php(361): CodeIgniter\CodeIgniter->handleRequest(null, Object(Config\Cache), false)
 4 FCPATH\index.php(79): CodeIgniter\CodeIgniter->run()
 5 SYSTEMPATH\Commands\Server\rewrite.php(47): require_once('D:\\Coolyeah\\PBL\\Backend\\aa\\Teanology_Back_End\\public\\index.php')
WARNING - 2024-04-25 20:51:14 --> [DEPRECATED] Creation of dynamic property App\Controllers\Products::$products is deprecated in APPPATH\Controllers\Products.php on line 17.
 1 SYSTEMPATH\CodeIgniter.php(913): App\Controllers\Products->__construct()
 2 SYSTEMPATH\CodeIgniter.php(493): CodeIgniter\CodeIgniter->createController()
 3 SYSTEMPATH\CodeIgniter.php(361): CodeIgniter\CodeIgniter->handleRequest(null, Object(Config\Cache), false)
 4 FCPATH\index.php(79): CodeIgniter\CodeIgniter->run()
 5 SYSTEMPATH\Commands\Server\rewrite.php(47): require_once('D:\\Coolyeah\\PBL\\Backend\\aa\\Teanology_Back_End\\public\\index.php')
ERROR - 2024-04-25 20:51:18 --> Error connecting to the database: mysqli_sql_exception: No connection could be made because the target machine actively refused it in D:\Coolyeah\PBL\Backend\aa\Teanology_Back_End\system\Database\MySQLi\Connection.php:184
Stack trace:
#0 D:\Coolyeah\PBL\Backend\aa\Teanology_Back_End\system\Database\MySQLi\Connection.php(184): mysqli->real_connect('localhost', 'root', Object(SensitiveParameterValue), 'teanology', 3306, '', 0)
#1 D:\Coolyeah\PBL\Backend\aa\Teanology_Back_End\system\Database\BaseConnection.php(392): CodeIgniter\Database\MySQLi\Connection->connect(false)
#2 D:\Coolyeah\PBL\Backend\aa\Teanology_Back_End\system\Database\BaseConnection.php(575): CodeIgniter\Database\BaseConnection->initialize()
#3 D:\Coolyeah\PBL\Backend\aa\Teanology_Back_End\system\Database\BaseBuilder.php(1616): CodeIgniter\Database\BaseConnection->query('SELECT *\nFROM `...', Array, false)
#4 D:\Coolyeah\PBL\Backend\aa\Teanology_Back_End\app\Models\ProductsModel.php(21): CodeIgniter\Database\BaseBuilder->get()
#5 D:\Coolyeah\PBL\Backend\aa\Teanology_Back_End\app\Controllers\Products.php(42): App\Models\ProductsModel->getAll()
#6 D:\Coolyeah\PBL\Backend\aa\Teanology_Back_End\system\CodeIgniter.php(941): App\Controllers\Products->getAllProducts()
#7 D:\Coolyeah\PBL\Backend\aa\Teanology_Back_End\system\CodeIgniter.php(502): CodeIgniter\CodeIgniter->runController(Object(App\Controllers\Products))
#8 D:\Coolyeah\PBL\Backend\aa\Teanology_Back_End\system\CodeIgniter.php(361): CodeIgniter\CodeIgniter->handleRequest(NULL, Object(Config\Cache), false)
#9 D:\Coolyeah\PBL\Backend\aa\Teanology_Back_End\public\index.php(79): CodeIgniter\CodeIgniter->run()
#10 D:\Coolyeah\PBL\Backend\aa\Teanology_Back_End\system\Commands\Server\rewrite.php(47): require_once('D:\\Coolyeah\\PBL...')
#11 {main}

Next CodeIgniter\Database\Exceptions\DatabaseException: No connection could be made because the target machine actively refused it in D:\Coolyeah\PBL\Backend\aa\Teanology_Back_End\system\Database\MySQLi\Connection.php:229
Stack trace:
#0 D:\Coolyeah\PBL\Backend\aa\Teanology_Back_End\system\Database\BaseConnection.php(392): CodeIgniter\Database\MySQLi\Connection->connect(false)
#1 D:\Coolyeah\PBL\Backend\aa\Teanology_Back_End\system\Database\BaseConnection.php(575): CodeIgniter\Database\BaseConnection->initialize()
#2 D:\Coolyeah\PBL\Backend\aa\Teanology_Back_End\system\Database\BaseBuilder.php(1616): CodeIgniter\Database\BaseConnection->query('SELECT *\nFROM `...', Array, false)
#3 D:\Coolyeah\PBL\Backend\aa\Teanology_Back_End\app\Models\ProductsModel.php(21): CodeIgniter\Database\BaseBuilder->get()
#4 D:\Coolyeah\PBL\Backend\aa\Teanology_Back_End\app\Controllers\Products.php(42): App\Models\ProductsModel->getAll()
#5 D:\Coolyeah\PBL\Backend\aa\Teanology_Back_End\system\CodeIgniter.php(941): App\Controllers\Products->getAllProducts()
#6 D:\Coolyeah\PBL\Backend\aa\Teanology_Back_End\system\CodeIgniter.php(502): CodeIgniter\CodeIgniter->runController(Object(App\Controllers\Products))
#7 D:\Coolyeah\PBL\Backend\aa\Teanology_Back_End\system\CodeIgniter.php(361): CodeIgniter\CodeIgniter->handleRequest(NULL, Object(Config\Cache), false)
#8 D:\Coolyeah\PBL\Backend\aa\Teanology_Back_End\public\index.php(79): CodeIgniter\CodeIgniter->run()
#9 D:\Coolyeah\PBL\Backend\aa\Teanology_Back_End\system\Commands\Server\rewrite.php(47): require_once('D:\\Coolyeah\\PBL...')
#10 {main}
CRITICAL - 2024-04-25 20:51:18 --> CodeIgniter\Database\Exceptions\DatabaseException: Unable to connect to the database.
Main connection [MySQLi]: No connection could be made because the target machine actively refused it
in SYSTEMPATH\Database\BaseConnection.php on line 428.
 1 SYSTEMPATH\Database\BaseConnection.php(575): CodeIgniter\Database\BaseConnection->initialize()
 2 SYSTEMPATH\Database\BaseBuilder.php(1616): CodeIgniter\Database\BaseConnection->query('SELECT *
FROM `products`
JOIN `category` ON `category`.`id_category` = `products`.`id_category`
WHERE `products`.`deleted_at` IS NULL', [], false)
 3 APPPATH\Models\ProductsModel.php(21): CodeIgniter\Database\BaseBuilder->get()
 4 APPPATH\Controllers\Products.php(42): App\Models\ProductsModel->getAll()
 5 SYSTEMPATH\CodeIgniter.php(941): App\Controllers\Products->getAllProducts()
 6 SYSTEMPATH\CodeIgniter.php(502): CodeIgniter\CodeIgniter->runController(Object(App\Controllers\Products))
 7 SYSTEMPATH\CodeIgniter.php(361): CodeIgniter\CodeIgniter->handleRequest(null, Object(Config\Cache), false)
 8 FCPATH\index.php(79): CodeIgniter\CodeIgniter->run()
 9 SYSTEMPATH\Commands\Server\rewrite.php(47): require_once('D:\\Coolyeah\\PBL\\Backend\\aa\\Teanology_Back_End\\public\\index.php')
WARNING - 2024-04-25 20:51:18 --> [DEPRECATED] Creation of dynamic property App\Controllers\Products::$category is deprecated in APPPATH\Controllers\Products.php on line 16.
 1 SYSTEMPATH\CodeIgniter.php(913): App\Controllers\Products->__construct()
 2 SYSTEMPATH\CodeIgniter.php(493): CodeIgniter\CodeIgniter->createController()
 3 SYSTEMPATH\CodeIgniter.php(361): CodeIgniter\CodeIgniter->handleRequest(null, Object(Config\Cache), false)
 4 FCPATH\index.php(79): CodeIgniter\CodeIgniter->run()
 5 SYSTEMPATH\Commands\Server\rewrite.php(47): require_once('D:\\Coolyeah\\PBL\\Backend\\aa\\Teanology_Back_End\\public\\index.php')
WARNING - 2024-04-25 20:51:18 --> [DEPRECATED] Creation of dynamic property App\Controllers\Products::$products is deprecated in APPPATH\Controllers\Products.php on line 17.
 1 SYSTEMPATH\CodeIgniter.php(913): App\Controllers\Products->__construct()
 2 SYSTEMPATH\CodeIgniter.php(493): CodeIgniter\CodeIgniter->createController()
 3 SYSTEMPATH\CodeIgniter.php(361): CodeIgniter\CodeIgniter->handleRequest(null, Object(Config\Cache), false)
 4 FCPATH\index.php(79): CodeIgniter\CodeIgniter->run()
 5 SYSTEMPATH\Commands\Server\rewrite.php(47): require_once('D:\\Coolyeah\\PBL\\Backend\\aa\\Teanology_Back_End\\public\\index.php')
ERROR - 2024-04-25 20:51:22 --> Error connecting to the database: mysqli_sql_exception: No connection could be made because the target machine actively refused it in D:\Coolyeah\PBL\Backend\aa\Teanology_Back_End\system\Database\MySQLi\Connection.php:184
Stack trace:
#0 D:\Coolyeah\PBL\Backend\aa\Teanology_Back_End\system\Database\MySQLi\Connection.php(184): mysqli->real_connect('localhost', 'root', Object(SensitiveParameterValue), 'teanology', 3306, '', 0)
#1 D:\Coolyeah\PBL\Backend\aa\Teanology_Back_End\system\Database\BaseConnection.php(392): CodeIgniter\Database\MySQLi\Connection->connect(false)
#2 D:\Coolyeah\PBL\Backend\aa\Teanology_Back_End\system\Database\BaseConnection.php(575): CodeIgniter\Database\BaseConnection->initialize()
#3 D:\Coolyeah\PBL\Backend\aa\Teanology_Back_End\system\Database\BaseBuilder.php(1616): CodeIgniter\Database\BaseConnection->query('SELECT *\nFROM `...', Array, false)
#4 D:\Coolyeah\PBL\Backend\aa\Teanology_Back_End\app\Models\ProductsModel.php(21): CodeIgniter\Database\BaseBuilder->get()
#5 D:\Coolyeah\PBL\Backend\aa\Teanology_Back_End\app\Controllers\Products.php(42): App\Models\ProductsModel->getAll()
#6 D:\Coolyeah\PBL\Backend\aa\Teanology_Back_End\system\CodeIgniter.php(941): App\Controllers\Products->getAllProducts()
#7 D:\Coolyeah\PBL\Backend\aa\Teanology_Back_End\system\CodeIgniter.php(502): CodeIgniter\CodeIgniter->runController(Object(App\Controllers\Products))
#8 D:\Coolyeah\PBL\Backend\aa\Teanology_Back_End\system\CodeIgniter.php(361): CodeIgniter\CodeIgniter->handleRequest(NULL, Object(Config\Cache), false)
#9 D:\Coolyeah\PBL\Backend\aa\Teanology_Back_End\public\index.php(79): CodeIgniter\CodeIgniter->run()
#10 D:\Coolyeah\PBL\Backend\aa\Teanology_Back_End\system\Commands\Server\rewrite.php(47): require_once('D:\\Coolyeah\\PBL...')
#11 {main}

Next CodeIgniter\Database\Exceptions\DatabaseException: No connection could be made because the target machine actively refused it in D:\Coolyeah\PBL\Backend\aa\Teanology_Back_End\system\Database\MySQLi\Connection.php:229
Stack trace:
#0 D:\Coolyeah\PBL\Backend\aa\Teanology_Back_End\system\Database\BaseConnection.php(392): CodeIgniter\Database\MySQLi\Connection->connect(false)
#1 D:\Coolyeah\PBL\Backend\aa\Teanology_Back_End\system\Database\BaseConnection.php(575): CodeIgniter\Database\BaseConnection->initialize()
#2 D:\Coolyeah\PBL\Backend\aa\Teanology_Back_End\system\Database\BaseBuilder.php(1616): CodeIgniter\Database\BaseConnection->query('SELECT *\nFROM `...', Array, false)
#3 D:\Coolyeah\PBL\Backend\aa\Teanology_Back_End\app\Models\ProductsModel.php(21): CodeIgniter\Database\BaseBuilder->get()
#4 D:\Coolyeah\PBL\Backend\aa\Teanology_Back_End\app\Controllers\Products.php(42): App\Models\ProductsModel->getAll()
#5 D:\Coolyeah\PBL\Backend\aa\Teanology_Back_End\system\CodeIgniter.php(941): App\Controllers\Products->getAllProducts()
#6 D:\Coolyeah\PBL\Backend\aa\Teanology_Back_End\system\CodeIgniter.php(502): CodeIgniter\CodeIgniter->runController(Object(App\Controllers\Products))
#7 D:\Coolyeah\PBL\Backend\aa\Teanology_Back_End\system\CodeIgniter.php(361): CodeIgniter\CodeIgniter->handleRequest(NULL, Object(Config\Cache), false)
#8 D:\Coolyeah\PBL\Backend\aa\Teanology_Back_End\public\index.php(79): CodeIgniter\CodeIgniter->run()
#9 D:\Coolyeah\PBL\Backend\aa\Teanology_Back_End\system\Commands\Server\rewrite.php(47): require_once('D:\\Coolyeah\\PBL...')
#10 {main}
CRITICAL - 2024-04-25 20:51:22 --> CodeIgniter\Database\Exceptions\DatabaseException: Unable to connect to the database.
Main connection [MySQLi]: No connection could be made because the target machine actively refused it
in SYSTEMPATH\Database\BaseConnection.php on line 428.
 1 SYSTEMPATH\Database\BaseConnection.php(575): CodeIgniter\Database\BaseConnection->initialize()
 2 SYSTEMPATH\Database\BaseBuilder.php(1616): CodeIgniter\Database\BaseConnection->query('SELECT *
FROM `products`
JOIN `category` ON `category`.`id_category` = `products`.`id_category`
WHERE `products`.`deleted_at` IS NULL', [], false)
 3 APPPATH\Models\ProductsModel.php(21): CodeIgniter\Database\BaseBuilder->get()
 4 APPPATH\Controllers\Products.php(42): App\Models\ProductsModel->getAll()
 5 SYSTEMPATH\CodeIgniter.php(941): App\Controllers\Products->getAllProducts()
 6 SYSTEMPATH\CodeIgniter.php(502): CodeIgniter\CodeIgniter->runController(Object(App\Controllers\Products))
 7 SYSTEMPATH\CodeIgniter.php(361): CodeIgniter\CodeIgniter->handleRequest(null, Object(Config\Cache), false)
 8 FCPATH\index.php(79): CodeIgniter\CodeIgniter->run()
 9 SYSTEMPATH\Commands\Server\rewrite.php(47): require_once('D:\\Coolyeah\\PBL\\Backend\\aa\\Teanology_Back_End\\public\\index.php')
WARNING - 2024-04-25 20:52:52 --> [DEPRECATED] Creation of dynamic property App\Controllers\Products::$category is deprecated in APPPATH\Controllers\Products.php on line 16.
 1 SYSTEMPATH\CodeIgniter.php(913): App\Controllers\Products->__construct()
 2 SYSTEMPATH\CodeIgniter.php(493): CodeIgniter\CodeIgniter->createController()
 3 SYSTEMPATH\CodeIgniter.php(361): CodeIgniter\CodeIgniter->handleRequest(null, Object(Config\Cache), false)
 4 FCPATH\index.php(79): CodeIgniter\CodeIgniter->run()
 5 SYSTEMPATH\Commands\Server\rewrite.php(47): require_once('D:\\Coolyeah\\PBL\\Backend\\aa\\Teanology_Back_End\\public\\index.php')
WARNING - 2024-04-25 20:52:52 --> [DEPRECATED] Creation of dynamic property App\Controllers\Products::$products is deprecated in APPPATH\Controllers\Products.php on line 17.
 1 SYSTEMPATH\CodeIgniter.php(913): App\Controllers\Products->__construct()
 2 SYSTEMPATH\CodeIgniter.php(493): CodeIgniter\CodeIgniter->createController()
 3 SYSTEMPATH\CodeIgniter.php(361): CodeIgniter\CodeIgniter->handleRequest(null, Object(Config\Cache), false)
 4 FCPATH\index.php(79): CodeIgniter\CodeIgniter->run()
 5 SYSTEMPATH\Commands\Server\rewrite.php(47): require_once('D:\\Coolyeah\\PBL\\Backend\\aa\\Teanology_Back_End\\public\\index.php')
WARNING - 2024-04-25 21:01:40 --> [DEPRECATED] Creation of dynamic property App\Controllers\Products::$category is deprecated in APPPATH\Controllers\Products.php on line 16.
 1 SYSTEMPATH\CodeIgniter.php(913): App\Controllers\Products->__construct()
 2 SYSTEMPATH\CodeIgniter.php(493): CodeIgniter\CodeIgniter->createController()
 3 SYSTEMPATH\CodeIgniter.php(361): CodeIgniter\CodeIgniter->handleRequest(null, Object(Config\Cache), false)
 4 FCPATH\index.php(79): CodeIgniter\CodeIgniter->run()
 5 SYSTEMPATH\Commands\Server\rewrite.php(47): require_once('D:\\Coolyeah\\PBL\\Backend\\aa\\Teanology_Back_End\\public\\index.php')
WARNING - 2024-04-25 21:01:40 --> [DEPRECATED] Creation of dynamic property App\Controllers\Products::$products is deprecated in APPPATH\Controllers\Products.php on line 17.
 1 SYSTEMPATH\CodeIgniter.php(913): App\Controllers\Products->__construct()
 2 SYSTEMPATH\CodeIgniter.php(493): CodeIgniter\CodeIgniter->createController()
 3 SYSTEMPATH\CodeIgniter.php(361): CodeIgniter\CodeIgniter->handleRequest(null, Object(Config\Cache), false)
 4 FCPATH\index.php(79): CodeIgniter\CodeIgniter->run()
 5 SYSTEMPATH\Commands\Server\rewrite.php(47): require_once('D:\\Coolyeah\\PBL\\Backend\\aa\\Teanology_Back_End\\public\\index.php')
WARNING - 2024-04-25 21:08:52 --> [DEPRECATED] Creation of dynamic property App\Controllers\Products::$category is deprecated in APPPATH\Controllers\Products.php on line 16.
 1 SYSTEMPATH\CodeIgniter.php(913): App\Controllers\Products->__construct()
 2 SYSTEMPATH\CodeIgniter.php(493): CodeIgniter\CodeIgniter->createController()
 3 SYSTEMPATH\CodeIgniter.php(361): CodeIgniter\CodeIgniter->handleRequest(null, Object(Config\Cache), false)
 4 FCPATH\index.php(79): CodeIgniter\CodeIgniter->run()
 5 SYSTEMPATH\Commands\Server\rewrite.php(47): require_once('D:\\Coolyeah\\PBL\\Backend\\aa\\Teanology_Back_End\\public\\index.php')
WARNING - 2024-04-25 21:08:52 --> [DEPRECATED] Creation of dynamic property App\Controllers\Products::$products is deprecated in APPPATH\Controllers\Products.php on line 17.
 1 SYSTEMPATH\CodeIgniter.php(913): App\Controllers\Products->__construct()
 2 SYSTEMPATH\CodeIgniter.php(493): CodeIgniter\CodeIgniter->createController()
 3 SYSTEMPATH\CodeIgniter.php(361): CodeIgniter\CodeIgniter->handleRequest(null, Object(Config\Cache), false)
 4 FCPATH\index.php(79): CodeIgniter\CodeIgniter->run()
 5 SYSTEMPATH\Commands\Server\rewrite.php(47): require_once('D:\\Coolyeah\\PBL\\Backend\\aa\\Teanology_Back_End\\public\\index.php')
WARNING - 2024-04-25 21:09:01 --> [DEPRECATED] Creation of dynamic property App\Controllers\Products::$category is deprecated in APPPATH\Controllers\Products.php on line 16.
 1 SYSTEMPATH\CodeIgniter.php(913): App\Controllers\Products->__construct()
 2 SYSTEMPATH\CodeIgniter.php(493): CodeIgniter\CodeIgniter->createController()
 3 SYSTEMPATH\CodeIgniter.php(361): CodeIgniter\CodeIgniter->handleRequest(null, Object(Config\Cache), false)
 4 FCPATH\index.php(79): CodeIgniter\CodeIgniter->run()
 5 SYSTEMPATH\Commands\Server\rewrite.php(47): require_once('D:\\Coolyeah\\PBL\\Backend\\aa\\Teanology_Back_End\\public\\index.php')
WARNING - 2024-04-25 21:09:01 --> [DEPRECATED] Creation of dynamic property App\Controllers\Products::$products is deprecated in APPPATH\Controllers\Products.php on line 17.
 1 SYSTEMPATH\CodeIgniter.php(913): App\Controllers\Products->__construct()
 2 SYSTEMPATH\CodeIgniter.php(493): CodeIgniter\CodeIgniter->createController()
 3 SYSTEMPATH\CodeIgniter.php(361): CodeIgniter\CodeIgniter->handleRequest(null, Object(Config\Cache), false)
 4 FCPATH\index.php(79): CodeIgniter\CodeIgniter->run()
 5 SYSTEMPATH\Commands\Server\rewrite.php(47): require_once('D:\\Coolyeah\\PBL\\Backend\\aa\\Teanology_Back_End\\public\\index.php')
WARNING - 2024-04-25 21:09:03 --> [DEPRECATED] Creation of dynamic property App\Controllers\Products::$category is deprecated in APPPATH\Controllers\Products.php on line 16.
 1 SYSTEMPATH\CodeIgniter.php(913): App\Controllers\Products->__construct()
 2 SYSTEMPATH\CodeIgniter.php(493): CodeIgniter\CodeIgniter->createController()
 3 SYSTEMPATH\CodeIgniter.php(361): CodeIgniter\CodeIgniter->handleRequest(null, Object(Config\Cache), false)
 4 FCPATH\index.php(79): CodeIgniter\CodeIgniter->run()
 5 SYSTEMPATH\Commands\Server\rewrite.php(47): require_once('D:\\Coolyeah\\PBL\\Backend\\aa\\Teanology_Back_End\\public\\index.php')
WARNING - 2024-04-25 21:09:03 --> [DEPRECATED] Creation of dynamic property App\Controllers\Products::$products is deprecated in APPPATH\Controllers\Products.php on line 17.
 1 SYSTEMPATH\CodeIgniter.php(913): App\Controllers\Products->__construct()
 2 SYSTEMPATH\CodeIgniter.php(493): CodeIgniter\CodeIgniter->createController()
 3 SYSTEMPATH\CodeIgniter.php(361): CodeIgniter\CodeIgniter->handleRequest(null, Object(Config\Cache), false)
 4 FCPATH\index.php(79): CodeIgniter\CodeIgniter->run()
 5 SYSTEMPATH\Commands\Server\rewrite.php(47): require_once('D:\\Coolyeah\\PBL\\Backend\\aa\\Teanology_Back_End\\public\\index.php')
WARNING - 2024-04-25 21:09:06 --> [DEPRECATED] Creation of dynamic property App\Controllers\Products::$category is deprecated in APPPATH\Controllers\Products.php on line 16.
 1 SYSTEMPATH\CodeIgniter.php(913): App\Controllers\Products->__construct()
 2 SYSTEMPATH\CodeIgniter.php(493): CodeIgniter\CodeIgniter->createController()
 3 SYSTEMPATH\CodeIgniter.php(361): CodeIgniter\CodeIgniter->handleRequest(null, Object(Config\Cache), false)
 4 FCPATH\index.php(79): CodeIgniter\CodeIgniter->run()
 5 SYSTEMPATH\Commands\Server\rewrite.php(47): require_once('D:\\Coolyeah\\PBL\\Backend\\aa\\Teanology_Back_End\\public\\index.php')
WARNING - 2024-04-25 21:09:06 --> [DEPRECATED] Creation of dynamic property App\Controllers\Products::$products is deprecated in APPPATH\Controllers\Products.php on line 17.
 1 SYSTEMPATH\CodeIgniter.php(913): App\Controllers\Products->__construct()
 2 SYSTEMPATH\CodeIgniter.php(493): CodeIgniter\CodeIgniter->createController()
 3 SYSTEMPATH\CodeIgniter.php(361): CodeIgniter\CodeIgniter->handleRequest(null, Object(Config\Cache), false)
 4 FCPATH\index.php(79): CodeIgniter\CodeIgniter->run()
 5 SYSTEMPATH\Commands\Server\rewrite.php(47): require_once('D:\\Coolyeah\\PBL\\Backend\\aa\\Teanology_Back_End\\public\\index.php')
WARNING - 2024-04-25 21:09:08 --> [DEPRECATED] Creation of dynamic property App\Controllers\Products::$category is deprecated in APPPATH\Controllers\Products.php on line 16.
 1 SYSTEMPATH\CodeIgniter.php(913): App\Controllers\Products->__construct()
 2 SYSTEMPATH\CodeIgniter.php(493): CodeIgniter\CodeIgniter->createController()
 3 SYSTEMPATH\CodeIgniter.php(361): CodeIgniter\CodeIgniter->handleRequest(null, Object(Config\Cache), false)
 4 FCPATH\index.php(79): CodeIgniter\CodeIgniter->run()
 5 SYSTEMPATH\Commands\Server\rewrite.php(47): require_once('D:\\Coolyeah\\PBL\\Backend\\aa\\Teanology_Back_End\\public\\index.php')
WARNING - 2024-04-25 21:09:08 --> [DEPRECATED] Creation of dynamic property App\Controllers\Products::$products is deprecated in APPPATH\Controllers\Products.php on line 17.
 1 SYSTEMPATH\CodeIgniter.php(913): App\Controllers\Products->__construct()
 2 SYSTEMPATH\CodeIgniter.php(493): CodeIgniter\CodeIgniter->createController()
 3 SYSTEMPATH\CodeIgniter.php(361): CodeIgniter\CodeIgniter->handleRequest(null, Object(Config\Cache), false)
 4 FCPATH\index.php(79): CodeIgniter\CodeIgniter->run()
 5 SYSTEMPATH\Commands\Server\rewrite.php(47): require_once('D:\\Coolyeah\\PBL\\Backend\\aa\\Teanology_Back_End\\public\\index.php')
WARNING - 2024-04-25 21:09:10 --> [DEPRECATED] Creation of dynamic property App\Controllers\Products::$category is deprecated in APPPATH\Controllers\Products.php on line 16.
 1 SYSTEMPATH\CodeIgniter.php(913): App\Controllers\Products->__construct()
 2 SYSTEMPATH\CodeIgniter.php(493): CodeIgniter\CodeIgniter->createController()
 3 SYSTEMPATH\CodeIgniter.php(361): CodeIgniter\CodeIgniter->handleRequest(null, Object(Config\Cache), false)
 4 FCPATH\index.php(79): CodeIgniter\CodeIgniter->run()
 5 SYSTEMPATH\Commands\Server\rewrite.php(47): require_once('D:\\Coolyeah\\PBL\\Backend\\aa\\Teanology_Back_End\\public\\index.php')
WARNING - 2024-04-25 21:09:10 --> [DEPRECATED] Creation of dynamic property App\Controllers\Products::$products is deprecated in APPPATH\Controllers\Products.php on line 17.
 1 SYSTEMPATH\CodeIgniter.php(913): App\Controllers\Products->__construct()
 2 SYSTEMPATH\CodeIgniter.php(493): CodeIgniter\CodeIgniter->createController()
 3 SYSTEMPATH\CodeIgniter.php(361): CodeIgniter\CodeIgniter->handleRequest(null, Object(Config\Cache), false)
 4 FCPATH\index.php(79): CodeIgniter\CodeIgniter->run()
 5 SYSTEMPATH\Commands\Server\rewrite.php(47): require_once('D:\\Coolyeah\\PBL\\Backend\\aa\\Teanology_Back_End\\public\\index.php')
WARNING - 2024-04-25 21:09:11 --> [DEPRECATED] Creation of dynamic property App\Controllers\Products::$category is deprecated in APPPATH\Controllers\Products.php on line 16.
 1 SYSTEMPATH\CodeIgniter.php(913): App\Controllers\Products->__construct()
 2 SYSTEMPATH\CodeIgniter.php(493): CodeIgniter\CodeIgniter->createController()
 3 SYSTEMPATH\CodeIgniter.php(361): CodeIgniter\CodeIgniter->handleRequest(null, Object(Config\Cache), false)
 4 FCPATH\index.php(79): CodeIgniter\CodeIgniter->run()
 5 SYSTEMPATH\Commands\Server\rewrite.php(47): require_once('D:\\Coolyeah\\PBL\\Backend\\aa\\Teanology_Back_End\\public\\index.php')
WARNING - 2024-04-25 21:09:11 --> [DEPRECATED] Creation of dynamic property App\Controllers\Products::$products is deprecated in APPPATH\Controllers\Products.php on line 17.
 1 SYSTEMPATH\CodeIgniter.php(913): App\Controllers\Products->__construct()
 2 SYSTEMPATH\CodeIgniter.php(493): CodeIgniter\CodeIgniter->createController()
 3 SYSTEMPATH\CodeIgniter.php(361): CodeIgniter\CodeIgniter->handleRequest(null, Object(Config\Cache), false)
 4 FCPATH\index.php(79): CodeIgniter\CodeIgniter->run()
 5 SYSTEMPATH\Commands\Server\rewrite.php(47): require_once('D:\\Coolyeah\\PBL\\Backend\\aa\\Teanology_Back_End\\public\\index.php')
WARNING - 2024-04-25 21:09:13 --> [DEPRECATED] Creation of dynamic property App\Controllers\Products::$category is deprecated in APPPATH\Controllers\Products.php on line 16.
 1 SYSTEMPATH\CodeIgniter.php(913): App\Controllers\Products->__construct()
 2 SYSTEMPATH\CodeIgniter.php(493): CodeIgniter\CodeIgniter->createController()
 3 SYSTEMPATH\CodeIgniter.php(361): CodeIgniter\CodeIgniter->handleRequest(null, Object(Config\Cache), false)
 4 FCPATH\index.php(79): CodeIgniter\CodeIgniter->run()
 5 SYSTEMPATH\Commands\Server\rewrite.php(47): require_once('D:\\Coolyeah\\PBL\\Backend\\aa\\Teanology_Back_End\\public\\index.php')
WARNING - 2024-04-25 21:09:13 --> [DEPRECATED] Creation of dynamic property App\Controllers\Products::$products is deprecated in APPPATH\Controllers\Products.php on line 17.
 1 SYSTEMPATH\CodeIgniter.php(913): App\Controllers\Products->__construct()
 2 SYSTEMPATH\CodeIgniter.php(493): CodeIgniter\CodeIgniter->createController()
 3 SYSTEMPATH\CodeIgniter.php(361): CodeIgniter\CodeIgniter->handleRequest(null, Object(Config\Cache), false)
 4 FCPATH\index.php(79): CodeIgniter\CodeIgniter->run()
 5 SYSTEMPATH\Commands\Server\rewrite.php(47): require_once('D:\\Coolyeah\\PBL\\Backend\\aa\\Teanology_Back_End\\public\\index.php')
WARNING - 2024-04-25 21:10:49 --> [DEPRECATED] Creation of dynamic property App\Controllers\Products::$category is deprecated in APPPATH\Controllers\Products.php on line 16.
 1 SYSTEMPATH\CodeIgniter.php(913): App\Controllers\Products->__construct()
 2 SYSTEMPATH\CodeIgniter.php(493): CodeIgniter\CodeIgniter->createController()
 3 SYSTEMPATH\CodeIgniter.php(361): CodeIgniter\CodeIgniter->handleRequest(null, Object(Config\Cache), false)
 4 FCPATH\index.php(79): CodeIgniter\CodeIgniter->run()
 5 SYSTEMPATH\Commands\Server\rewrite.php(47): require_once('D:\\Coolyeah\\PBL\\Backend\\aa\\Teanology_Back_End\\public\\index.php')
WARNING - 2024-04-25 21:10:49 --> [DEPRECATED] Creation of dynamic property App\Controllers\Products::$products is deprecated in APPPATH\Controllers\Products.php on line 17.
 1 SYSTEMPATH\CodeIgniter.php(913): App\Controllers\Products->__construct()
 2 SYSTEMPATH\CodeIgniter.php(493): CodeIgniter\CodeIgniter->createController()
 3 SYSTEMPATH\CodeIgniter.php(361): CodeIgniter\CodeIgniter->handleRequest(null, Object(Config\Cache), false)
 4 FCPATH\index.php(79): CodeIgniter\CodeIgniter->run()
 5 SYSTEMPATH\Commands\Server\rewrite.php(47): require_once('D:\\Coolyeah\\PBL\\Backend\\aa\\Teanology_Back_End\\public\\index.php')
WARNING - 2024-04-25 21:11:41 --> [DEPRECATED] Creation of dynamic property App\Controllers\Products::$category is deprecated in APPPATH\Controllers\Products.php on line 16.
 1 SYSTEMPATH\CodeIgniter.php(913): App\Controllers\Products->__construct()
 2 SYSTEMPATH\CodeIgniter.php(493): CodeIgniter\CodeIgniter->createController()
 3 SYSTEMPATH\CodeIgniter.php(361): CodeIgniter\CodeIgniter->handleRequest(null, Object(Config\Cache), false)
 4 FCPATH\index.php(79): CodeIgniter\CodeIgniter->run()
 5 SYSTEMPATH\Commands\Server\rewrite.php(47): require_once('D:\\Coolyeah\\PBL\\Backend\\aa\\Teanology_Back_End\\public\\index.php')
WARNING - 2024-04-25 21:11:41 --> [DEPRECATED] Creation of dynamic property App\Controllers\Products::$products is deprecated in APPPATH\Controllers\Products.php on line 17.
 1 SYSTEMPATH\CodeIgniter.php(913): App\Controllers\Products->__construct()
 2 SYSTEMPATH\CodeIgniter.php(493): CodeIgniter\CodeIgniter->createController()
 3 SYSTEMPATH\CodeIgniter.php(361): CodeIgniter\CodeIgniter->handleRequest(null, Object(Config\Cache), false)
 4 FCPATH\index.php(79): CodeIgniter\CodeIgniter->run()
 5 SYSTEMPATH\Commands\Server\rewrite.php(47): require_once('D:\\Coolyeah\\PBL\\Backend\\aa\\Teanology_Back_End\\public\\index.php')
WARNING - 2024-04-25 21:11:45 --> [DEPRECATED] Creation of dynamic property App\Controllers\Products::$category is deprecated in APPPATH\Controllers\Products.php on line 16.
 1 SYSTEMPATH\CodeIgniter.php(913): App\Controllers\Products->__construct()
 2 SYSTEMPATH\CodeIgniter.php(493): CodeIgniter\CodeIgniter->createController()
 3 SYSTEMPATH\CodeIgniter.php(361): CodeIgniter\CodeIgniter->handleRequest(null, Object(Config\Cache), false)
 4 FCPATH\index.php(79): CodeIgniter\CodeIgniter->run()
 5 SYSTEMPATH\Commands\Server\rewrite.php(47): require_once('D:\\Coolyeah\\PBL\\Backend\\aa\\Teanology_Back_End\\public\\index.php')
WARNING - 2024-04-25 21:11:45 --> [DEPRECATED] Creation of dynamic property App\Controllers\Products::$products is deprecated in APPPATH\Controllers\Products.php on line 17.
 1 SYSTEMPATH\CodeIgniter.php(913): App\Controllers\Products->__construct()
 2 SYSTEMPATH\CodeIgniter.php(493): CodeIgniter\CodeIgniter->createController()
 3 SYSTEMPATH\CodeIgniter.php(361): CodeIgniter\CodeIgniter->handleRequest(null, Object(Config\Cache), false)
 4 FCPATH\index.php(79): CodeIgniter\CodeIgniter->run()
 5 SYSTEMPATH\Commands\Server\rewrite.php(47): require_once('D:\\Coolyeah\\PBL\\Backend\\aa\\Teanology_Back_End\\public\\index.php')
WARNING - 2024-04-25 21:27:01 --> [DEPRECATED] Creation of dynamic property App\Controllers\Products::$category is deprecated in APPPATH\Controllers\Products.php on line 16.
 1 SYSTEMPATH\CodeIgniter.php(913): App\Controllers\Products->__construct()
 2 SYSTEMPATH\CodeIgniter.php(493): CodeIgniter\CodeIgniter->createController()
 3 SYSTEMPATH\CodeIgniter.php(361): CodeIgniter\CodeIgniter->handleRequest(null, Object(Config\Cache), false)
 4 FCPATH\index.php(79): CodeIgniter\CodeIgniter->run()
 5 SYSTEMPATH\Commands\Server\rewrite.php(47): require_once('D:\\Coolyeah\\PBL\\Backend\\aa\\Teanology_Back_End\\public\\index.php')
WARNING - 2024-04-25 21:27:01 --> [DEPRECATED] Creation of dynamic property App\Controllers\Products::$products is deprecated in APPPATH\Controllers\Products.php on line 17.
 1 SYSTEMPATH\CodeIgniter.php(913): App\Controllers\Products->__construct()
 2 SYSTEMPATH\CodeIgniter.php(493): CodeIgniter\CodeIgniter->createController()
 3 SYSTEMPATH\CodeIgniter.php(361): CodeIgniter\CodeIgniter->handleRequest(null, Object(Config\Cache), false)
 4 FCPATH\index.php(79): CodeIgniter\CodeIgniter->run()
 5 SYSTEMPATH\Commands\Server\rewrite.php(47): require_once('D:\\Coolyeah\\PBL\\Backend\\aa\\Teanology_Back_End\\public\\index.php')
CRITICAL - 2024-04-25 21:27:01 --> Error: Cannot use object of type stdClass as array
in APPPATH\Controllers\Products.php on line 346.
 1 SYSTEMPATH\CodeIgniter.php(941): App\Controllers\Products->getImage('9')
 2 SYSTEMPATH\CodeIgniter.php(502): CodeIgniter\CodeIgniter->runController(Object(App\Controllers\Products))
 3 SYSTEMPATH\CodeIgniter.php(361): CodeIgniter\CodeIgniter->handleRequest(null, Object(Config\Cache), false)
 4 FCPATH\index.php(79): CodeIgniter\CodeIgniter->run()
 5 SYSTEMPATH\Commands\Server\rewrite.php(47): require_once('D:\\Coolyeah\\PBL\\Backend\\aa\\Teanology_Back_End\\public\\index.php')
WARNING - 2024-04-25 21:36:49 --> [DEPRECATED] Creation of dynamic property App\Controllers\Products::$category is deprecated in APPPATH\Controllers\Products.php on line 16.
 1 SYSTEMPATH\CodeIgniter.php(913): App\Controllers\Products->__construct()
 2 SYSTEMPATH\CodeIgniter.php(493): CodeIgniter\CodeIgniter->createController()
 3 SYSTEMPATH\CodeIgniter.php(361): CodeIgniter\CodeIgniter->handleRequest(null, Object(Config\Cache), false)
 4 FCPATH\index.php(79): CodeIgniter\CodeIgniter->run()
 5 SYSTEMPATH\Commands\Server\rewrite.php(47): require_once('D:\\Coolyeah\\PBL\\Backend\\aa\\Teanology_Back_End\\public\\index.php')
WARNING - 2024-04-25 21:36:49 --> [DEPRECATED] Creation of dynamic property App\Controllers\Products::$products is deprecated in APPPATH\Controllers\Products.php on line 17.
 1 SYSTEMPATH\CodeIgniter.php(913): App\Controllers\Products->__construct()
 2 SYSTEMPATH\CodeIgniter.php(493): CodeIgniter\CodeIgniter->createController()
 3 SYSTEMPATH\CodeIgniter.php(361): CodeIgniter\CodeIgniter->handleRequest(null, Object(Config\Cache), false)
 4 FCPATH\index.php(79): CodeIgniter\CodeIgniter->run()
 5 SYSTEMPATH\Commands\Server\rewrite.php(47): require_once('D:\\Coolyeah\\PBL\\Backend\\aa\\Teanology_Back_End\\public\\index.php')
WARNING - 2024-04-25 21:36:55 --> [DEPRECATED] Creation of dynamic property App\Controllers\Products::$category is deprecated in APPPATH\Controllers\Products.php on line 16.
 1 SYSTEMPATH\CodeIgniter.php(913): App\Controllers\Products->__construct()
 2 SYSTEMPATH\CodeIgniter.php(493): CodeIgniter\CodeIgniter->createController()
 3 SYSTEMPATH\CodeIgniter.php(361): CodeIgniter\CodeIgniter->handleRequest(null, Object(Config\Cache), false)
 4 FCPATH\index.php(79): CodeIgniter\CodeIgniter->run()
 5 SYSTEMPATH\Commands\Server\rewrite.php(47): require_once('D:\\Coolyeah\\PBL\\Backend\\aa\\Teanology_Back_End\\public\\index.php')
WARNING - 2024-04-25 21:36:55 --> [DEPRECATED] Creation of dynamic property App\Controllers\Products::$products is deprecated in APPPATH\Controllers\Products.php on line 17.
 1 SYSTEMPATH\CodeIgniter.php(913): App\Controllers\Products->__construct()
 2 SYSTEMPATH\CodeIgniter.php(493): CodeIgniter\CodeIgniter->createController()
 3 SYSTEMPATH\CodeIgniter.php(361): CodeIgniter\CodeIgniter->handleRequest(null, Object(Config\Cache), false)
 4 FCPATH\index.php(79): CodeIgniter\CodeIgniter->run()
 5 SYSTEMPATH\Commands\Server\rewrite.php(47): require_once('D:\\Coolyeah\\PBL\\Backend\\aa\\Teanology_Back_End\\public\\index.php')
WARNING - 2024-04-25 21:37:16 --> [DEPRECATED] Creation of dynamic property App\Controllers\Products::$category is deprecated in APPPATH\Controllers\Products.php on line 16.
 1 SYSTEMPATH\CodeIgniter.php(913): App\Controllers\Products->__construct()
 2 SYSTEMPATH\CodeIgniter.php(493): CodeIgniter\CodeIgniter->createController()
 3 SYSTEMPATH\CodeIgniter.php(361): CodeIgniter\CodeIgniter->handleRequest(null, Object(Config\Cache), false)
 4 FCPATH\index.php(79): CodeIgniter\CodeIgniter->run()
 5 SYSTEMPATH\Commands\Server\rewrite.php(47): require_once('D:\\Coolyeah\\PBL\\Backend\\aa\\Teanology_Back_End\\public\\index.php')
WARNING - 2024-04-25 21:37:16 --> [DEPRECATED] Creation of dynamic property App\Controllers\Products::$products is deprecated in APPPATH\Controllers\Products.php on line 17.
 1 SYSTEMPATH\CodeIgniter.php(913): App\Controllers\Products->__construct()
 2 SYSTEMPATH\CodeIgniter.php(493): CodeIgniter\CodeIgniter->createController()
 3 SYSTEMPATH\CodeIgniter.php(361): CodeIgniter\CodeIgniter->handleRequest(null, Object(Config\Cache), false)
 4 FCPATH\index.php(79): CodeIgniter\CodeIgniter->run()
 5 SYSTEMPATH\Commands\Server\rewrite.php(47): require_once('D:\\Coolyeah\\PBL\\Backend\\aa\\Teanology_Back_End\\public\\index.php')
WARNING - 2024-04-25 21:37:38 --> [DEPRECATED] Creation of dynamic property App\Controllers\Products::$category is deprecated in APPPATH\Controllers\Products.php on line 16.
 1 SYSTEMPATH\CodeIgniter.php(913): App\Controllers\Products->__construct()
 2 SYSTEMPATH\CodeIgniter.php(493): CodeIgniter\CodeIgniter->createController()
 3 SYSTEMPATH\CodeIgniter.php(361): CodeIgniter\CodeIgniter->handleRequest(null, Object(Config\Cache), false)
 4 FCPATH\index.php(79): CodeIgniter\CodeIgniter->run()
 5 SYSTEMPATH\Commands\Server\rewrite.php(47): require_once('D:\\Coolyeah\\PBL\\Backend\\aa\\Teanology_Back_End\\public\\index.php')
WARNING - 2024-04-25 21:37:38 --> [DEPRECATED] Creation of dynamic property App\Controllers\Products::$products is deprecated in APPPATH\Controllers\Products.php on line 17.
 1 SYSTEMPATH\CodeIgniter.php(913): App\Controllers\Products->__construct()
 2 SYSTEMPATH\CodeIgniter.php(493): CodeIgniter\CodeIgniter->createController()
 3 SYSTEMPATH\CodeIgniter.php(361): CodeIgniter\CodeIgniter->handleRequest(null, Object(Config\Cache), false)
 4 FCPATH\index.php(79): CodeIgniter\CodeIgniter->run()
 5 SYSTEMPATH\Commands\Server\rewrite.php(47): require_once('D:\\Coolyeah\\PBL\\Backend\\aa\\Teanology_Back_End\\public\\index.php')
WARNING - 2024-04-25 21:41:09 --> [DEPRECATED] Creation of dynamic property App\Controllers\Products::$category is deprecated in APPPATH\Controllers\Products.php on line 16.
 1 SYSTEMPATH\CodeIgniter.php(913): App\Controllers\Products->__construct()
 2 SYSTEMPATH\CodeIgniter.php(493): CodeIgniter\CodeIgniter->createController()
 3 SYSTEMPATH\CodeIgniter.php(361): CodeIgniter\CodeIgniter->handleRequest(null, Object(Config\Cache), false)
 4 FCPATH\index.php(79): CodeIgniter\CodeIgniter->run()
 5 SYSTEMPATH\Commands\Server\rewrite.php(47): require_once('D:\\Coolyeah\\PBL\\Backend\\aa\\Teanology_Back_End\\public\\index.php')
WARNING - 2024-04-25 21:41:09 --> [DEPRECATED] Creation of dynamic property App\Controllers\Products::$products is deprecated in APPPATH\Controllers\Products.php on line 17.
 1 SYSTEMPATH\CodeIgniter.php(913): App\Controllers\Products->__construct()
 2 SYSTEMPATH\CodeIgniter.php(493): CodeIgniter\CodeIgniter->createController()
 3 SYSTEMPATH\CodeIgniter.php(361): CodeIgniter\CodeIgniter->handleRequest(null, Object(Config\Cache), false)
 4 FCPATH\index.php(79): CodeIgniter\CodeIgniter->run()
 5 SYSTEMPATH\Commands\Server\rewrite.php(47): require_once('D:\\Coolyeah\\PBL\\Backend\\aa\\Teanology_Back_End\\public\\index.php')
WARNING - 2024-04-25 21:41:09 --> [DEPRECATED] Creation of dynamic property App\Controllers\Products::$category is deprecated in APPPATH\Controllers\Products.php on line 16.
 1 SYSTEMPATH\CodeIgniter.php(913): App\Controllers\Products->__construct()
 2 SYSTEMPATH\CodeIgniter.php(493): CodeIgniter\CodeIgniter->createController()
 3 SYSTEMPATH\CodeIgniter.php(361): CodeIgniter\CodeIgniter->handleRequest(null, Object(Config\Cache), false)
 4 FCPATH\index.php(79): CodeIgniter\CodeIgniter->run()
 5 SYSTEMPATH\Commands\Server\rewrite.php(47): require_once('D:\\Coolyeah\\PBL\\Backend\\aa\\Teanology_Back_End\\public\\index.php')
WARNING - 2024-04-25 21:41:09 --> [DEPRECATED] Creation of dynamic property App\Controllers\Products::$products is deprecated in APPPATH\Controllers\Products.php on line 17.
 1 SYSTEMPATH\CodeIgniter.php(913): App\Controllers\Products->__construct()
 2 SYSTEMPATH\CodeIgniter.php(493): CodeIgniter\CodeIgniter->createController()
 3 SYSTEMPATH\CodeIgniter.php(361): CodeIgniter\CodeIgniter->handleRequest(null, Object(Config\Cache), false)
 4 FCPATH\index.php(79): CodeIgniter\CodeIgniter->run()
 5 SYSTEMPATH\Commands\Server\rewrite.php(47): require_once('D:\\Coolyeah\\PBL\\Backend\\aa\\Teanology_Back_End\\public\\index.php')
WARNING - 2024-04-25 21:41:10 --> [DEPRECATED] Creation of dynamic property App\Controllers\Products::$category is deprecated in APPPATH\Controllers\Products.php on line 16.
 1 SYSTEMPATH\CodeIgniter.php(913): App\Controllers\Products->__construct()
 2 SYSTEMPATH\CodeIgniter.php(493): CodeIgniter\CodeIgniter->createController()
 3 SYSTEMPATH\CodeIgniter.php(361): CodeIgniter\CodeIgniter->handleRequest(null, Object(Config\Cache), false)
 4 FCPATH\index.php(79): CodeIgniter\CodeIgniter->run()
 5 SYSTEMPATH\Commands\Server\rewrite.php(47): require_once('D:\\Coolyeah\\PBL\\Backend\\aa\\Teanology_Back_End\\public\\index.php')
WARNING - 2024-04-25 21:41:10 --> [DEPRECATED] Creation of dynamic property App\Controllers\Products::$products is deprecated in APPPATH\Controllers\Products.php on line 17.
 1 SYSTEMPATH\CodeIgniter.php(913): App\Controllers\Products->__construct()
 2 SYSTEMPATH\CodeIgniter.php(493): CodeIgniter\CodeIgniter->createController()
 3 SYSTEMPATH\CodeIgniter.php(361): CodeIgniter\CodeIgniter->handleRequest(null, Object(Config\Cache), false)
 4 FCPATH\index.php(79): CodeIgniter\CodeIgniter->run()
 5 SYSTEMPATH\Commands\Server\rewrite.php(47): require_once('D:\\Coolyeah\\PBL\\Backend\\aa\\Teanology_Back_End\\public\\index.php')
WARNING - 2024-04-25 21:41:10 --> [DEPRECATED] Creation of dynamic property App\Controllers\Products::$category is deprecated in APPPATH\Controllers\Products.php on line 16.
 1 SYSTEMPATH\CodeIgniter.php(913): App\Controllers\Products->__construct()
 2 SYSTEMPATH\CodeIgniter.php(493): CodeIgniter\CodeIgniter->createController()
 3 SYSTEMPATH\CodeIgniter.php(361): CodeIgniter\CodeIgniter->handleRequest(null, Object(Config\Cache), false)
 4 FCPATH\index.php(79): CodeIgniter\CodeIgniter->run()
 5 SYSTEMPATH\Commands\Server\rewrite.php(47): require_once('D:\\Coolyeah\\PBL\\Backend\\aa\\Teanology_Back_End\\public\\index.php')
WARNING - 2024-04-25 21:41:10 --> [DEPRECATED] Creation of dynamic property App\Controllers\Products::$products is deprecated in APPPATH\Controllers\Products.php on line 17.
 1 SYSTEMPATH\CodeIgniter.php(913): App\Controllers\Products->__construct()
 2 SYSTEMPATH\CodeIgniter.php(493): CodeIgniter\CodeIgniter->createController()
 3 SYSTEMPATH\CodeIgniter.php(361): CodeIgniter\CodeIgniter->handleRequest(null, Object(Config\Cache), false)
 4 FCPATH\index.php(79): CodeIgniter\CodeIgniter->run()
 5 SYSTEMPATH\Commands\Server\rewrite.php(47): require_once('D:\\Coolyeah\\PBL\\Backend\\aa\\Teanology_Back_End\\public\\index.php')
WARNING - 2024-04-25 21:41:16 --> [DEPRECATED] Creation of dynamic property App\Controllers\Products::$category is deprecated in APPPATH\Controllers\Products.php on line 16.
 1 SYSTEMPATH\CodeIgniter.php(913): App\Controllers\Products->__construct()
 2 SYSTEMPATH\CodeIgniter.php(493): CodeIgniter\CodeIgniter->createController()
 3 SYSTEMPATH\CodeIgniter.php(361): CodeIgniter\CodeIgniter->handleRequest(null, Object(Config\Cache), false)
 4 FCPATH\index.php(79): CodeIgniter\CodeIgniter->run()
 5 SYSTEMPATH\Commands\Server\rewrite.php(47): require_once('D:\\Coolyeah\\PBL\\Backend\\aa\\Teanology_Back_End\\public\\index.php')
WARNING - 2024-04-25 21:41:16 --> [DEPRECATED] Creation of dynamic property App\Controllers\Products::$products is deprecated in APPPATH\Controllers\Products.php on line 17.
 1 SYSTEMPATH\CodeIgniter.php(913): App\Controllers\Products->__construct()
 2 SYSTEMPATH\CodeIgniter.php(493): CodeIgniter\CodeIgniter->createController()
 3 SYSTEMPATH\CodeIgniter.php(361): CodeIgniter\CodeIgniter->handleRequest(null, Object(Config\Cache), false)
 4 FCPATH\index.php(79): CodeIgniter\CodeIgniter->run()
 5 SYSTEMPATH\Commands\Server\rewrite.php(47): require_once('D:\\Coolyeah\\PBL\\Backend\\aa\\Teanology_Back_End\\public\\index.php')
WARNING - 2024-04-25 21:41:16 --> [DEPRECATED] Creation of dynamic property App\Controllers\Products::$category is deprecated in APPPATH\Controllers\Products.php on line 16.
 1 SYSTEMPATH\CodeIgniter.php(913): App\Controllers\Products->__construct()
 2 SYSTEMPATH\CodeIgniter.php(493): CodeIgniter\CodeIgniter->createController()
 3 SYSTEMPATH\CodeIgniter.php(361): CodeIgniter\CodeIgniter->handleRequest(null, Object(Config\Cache), false)
 4 FCPATH\index.php(79): CodeIgniter\CodeIgniter->run()
 5 SYSTEMPATH\Commands\Server\rewrite.php(47): require_once('D:\\Coolyeah\\PBL\\Backend\\aa\\Teanology_Back_End\\public\\index.php')
WARNING - 2024-04-25 21:41:16 --> [DEPRECATED] Creation of dynamic property App\Controllers\Products::$products is deprecated in APPPATH\Controllers\Products.php on line 17.
 1 SYSTEMPATH\CodeIgniter.php(913): App\Controllers\Products->__construct()
 2 SYSTEMPATH\CodeIgniter.php(493): CodeIgniter\CodeIgniter->createController()
 3 SYSTEMPATH\CodeIgniter.php(361): CodeIgniter\CodeIgniter->handleRequest(null, Object(Config\Cache), false)
 4 FCPATH\index.php(79): CodeIgniter\CodeIgniter->run()
 5 SYSTEMPATH\Commands\Server\rewrite.php(47): require_once('D:\\Coolyeah\\PBL\\Backend\\aa\\Teanology_Back_End\\public\\index.php')
WARNING - 2024-04-25 21:41:16 --> [DEPRECATED] Creation of dynamic property App\Controllers\Products::$category is deprecated in APPPATH\Controllers\Products.php on line 16.
 1 SYSTEMPATH\CodeIgniter.php(913): App\Controllers\Products->__construct()
 2 SYSTEMPATH\CodeIgniter.php(493): CodeIgniter\CodeIgniter->createController()
 3 SYSTEMPATH\CodeIgniter.php(361): CodeIgniter\CodeIgniter->handleRequest(null, Object(Config\Cache), false)
 4 FCPATH\index.php(79): CodeIgniter\CodeIgniter->run()
 5 SYSTEMPATH\Commands\Server\rewrite.php(47): require_once('D:\\Coolyeah\\PBL\\Backend\\aa\\Teanology_Back_End\\public\\index.php')
WARNING - 2024-04-25 21:41:16 --> [DEPRECATED] Creation of dynamic property App\Controllers\Products::$products is deprecated in APPPATH\Controllers\Products.php on line 17.
 1 SYSTEMPATH\CodeIgniter.php(913): App\Controllers\Products->__construct()
 2 SYSTEMPATH\CodeIgniter.php(493): CodeIgniter\CodeIgniter->createController()
 3 SYSTEMPATH\CodeIgniter.php(361): CodeIgniter\CodeIgniter->handleRequest(null, Object(Config\Cache), false)
 4 FCPATH\index.php(79): CodeIgniter\CodeIgniter->run()
 5 SYSTEMPATH\Commands\Server\rewrite.php(47): require_once('D:\\Coolyeah\\PBL\\Backend\\aa\\Teanology_Back_End\\public\\index.php')
WARNING - 2024-04-25 21:41:17 --> [DEPRECATED] Creation of dynamic property App\Controllers\Products::$category is deprecated in APPPATH\Controllers\Products.php on line 16.
 1 SYSTEMPATH\CodeIgniter.php(913): App\Controllers\Products->__construct()
 2 SYSTEMPATH\CodeIgniter.php(493): CodeIgniter\CodeIgniter->createController()
 3 SYSTEMPATH\CodeIgniter.php(361): CodeIgniter\CodeIgniter->handleRequest(null, Object(Config\Cache), false)
 4 FCPATH\index.php(79): CodeIgniter\CodeIgniter->run()
 5 SYSTEMPATH\Commands\Server\rewrite.php(47): require_once('D:\\Coolyeah\\PBL\\Backend\\aa\\Teanology_Back_End\\public\\index.php')
WARNING - 2024-04-25 21:41:17 --> [DEPRECATED] Creation of dynamic property App\Controllers\Products::$products is deprecated in APPPATH\Controllers\Products.php on line 17.
 1 SYSTEMPATH\CodeIgniter.php(913): App\Controllers\Products->__construct()
 2 SYSTEMPATH\CodeIgniter.php(493): CodeIgniter\CodeIgniter->createController()
 3 SYSTEMPATH\CodeIgniter.php(361): CodeIgniter\CodeIgniter->handleRequest(null, Object(Config\Cache), false)
 4 FCPATH\index.php(79): CodeIgniter\CodeIgniter->run()
 5 SYSTEMPATH\Commands\Server\rewrite.php(47): require_once('D:\\Coolyeah\\PBL\\Backend\\aa\\Teanology_Back_End\\public\\index.php')
WARNING - 2024-04-25 21:48:05 --> [DEPRECATED] Creation of dynamic property App\Controllers\Products::$category is deprecated in APPPATH\Controllers\Products.php on line 16.
 1 SYSTEMPATH\CodeIgniter.php(913): App\Controllers\Products->__construct()
 2 SYSTEMPATH\CodeIgniter.php(493): CodeIgniter\CodeIgniter->createController()
 3 SYSTEMPATH\CodeIgniter.php(361): CodeIgniter\CodeIgniter->handleRequest(null, Object(Config\Cache), false)
 4 FCPATH\index.php(79): CodeIgniter\CodeIgniter->run()
 5 SYSTEMPATH\Commands\Server\rewrite.php(47): require_once('D:\\Coolyeah\\PBL\\Backend\\aa\\Teanology_Back_End\\public\\index.php')
WARNING - 2024-04-25 21:48:05 --> [DEPRECATED] Creation of dynamic property App\Controllers\Products::$products is deprecated in APPPATH\Controllers\Products.php on line 17.
 1 SYSTEMPATH\CodeIgniter.php(913): App\Controllers\Products->__construct()
 2 SYSTEMPATH\CodeIgniter.php(493): CodeIgniter\CodeIgniter->createController()
 3 SYSTEMPATH\CodeIgniter.php(361): CodeIgniter\CodeIgniter->handleRequest(null, Object(Config\Cache), false)
 4 FCPATH\index.php(79): CodeIgniter\CodeIgniter->run()
 5 SYSTEMPATH\Commands\Server\rewrite.php(47): require_once('D:\\Coolyeah\\PBL\\Backend\\aa\\Teanology_Back_End\\public\\index.php')
WARNING - 2024-04-25 21:48:05 --> [DEPRECATED] Creation of dynamic property App\Controllers\Products::$category is deprecated in APPPATH\Controllers\Products.php on line 16.
 1 SYSTEMPATH\CodeIgniter.php(913): App\Controllers\Products->__construct()
 2 SYSTEMPATH\CodeIgniter.php(493): CodeIgniter\CodeIgniter->createController()
 3 SYSTEMPATH\CodeIgniter.php(361): CodeIgniter\CodeIgniter->handleRequest(null, Object(Config\Cache), false)
 4 FCPATH\index.php(79): CodeIgniter\CodeIgniter->run()
 5 SYSTEMPATH\Commands\Server\rewrite.php(47): require_once('D:\\Coolyeah\\PBL\\Backend\\aa\\Teanology_Back_End\\public\\index.php')
WARNING - 2024-04-25 21:48:05 --> [DEPRECATED] Creation of dynamic property App\Controllers\Products::$products is deprecated in APPPATH\Controllers\Products.php on line 17.
 1 SYSTEMPATH\CodeIgniter.php(913): App\Controllers\Products->__construct()
 2 SYSTEMPATH\CodeIgniter.php(493): CodeIgniter\CodeIgniter->createController()
 3 SYSTEMPATH\CodeIgniter.php(361): CodeIgniter\CodeIgniter->handleRequest(null, Object(Config\Cache), false)
 4 FCPATH\index.php(79): CodeIgniter\CodeIgniter->run()
 5 SYSTEMPATH\Commands\Server\rewrite.php(47): require_once('D:\\Coolyeah\\PBL\\Backend\\aa\\Teanology_Back_End\\public\\index.php')
WARNING - 2024-04-25 21:48:05 --> [DEPRECATED] Creation of dynamic property App\Controllers\Products::$category is deprecated in APPPATH\Controllers\Products.php on line 16.
 1 SYSTEMPATH\CodeIgniter.php(913): App\Controllers\Products->__construct()
 2 SYSTEMPATH\CodeIgniter.php(493): CodeIgniter\CodeIgniter->createController()
 3 SYSTEMPATH\CodeIgniter.php(361): CodeIgniter\CodeIgniter->handleRequest(null, Object(Config\Cache), false)
 4 FCPATH\index.php(79): CodeIgniter\CodeIgniter->run()
 5 SYSTEMPATH\Commands\Server\rewrite.php(47): require_once('D:\\Coolyeah\\PBL\\Backend\\aa\\Teanology_Back_End\\public\\index.php')
WARNING - 2024-04-25 21:48:05 --> [DEPRECATED] Creation of dynamic property App\Controllers\Products::$products is deprecated in APPPATH\Controllers\Products.php on line 17.
 1 SYSTEMPATH\CodeIgniter.php(913): App\Controllers\Products->__construct()
 2 SYSTEMPATH\CodeIgniter.php(493): CodeIgniter\CodeIgniter->createController()
 3 SYSTEMPATH\CodeIgniter.php(361): CodeIgniter\CodeIgniter->handleRequest(null, Object(Config\Cache), false)
 4 FCPATH\index.php(79): CodeIgniter\CodeIgniter->run()
 5 SYSTEMPATH\Commands\Server\rewrite.php(47): require_once('D:\\Coolyeah\\PBL\\Backend\\aa\\Teanology_Back_End\\public\\index.php')
WARNING - 2024-04-25 21:48:06 --> [DEPRECATED] Creation of dynamic property App\Controllers\Products::$category is deprecated in APPPATH\Controllers\Products.php on line 16.
 1 SYSTEMPATH\CodeIgniter.php(913): App\Controllers\Products->__construct()
 2 SYSTEMPATH\CodeIgniter.php(493): CodeIgniter\CodeIgniter->createController()
 3 SYSTEMPATH\CodeIgniter.php(361): CodeIgniter\CodeIgniter->handleRequest(null, Object(Config\Cache), false)
 4 FCPATH\index.php(79): CodeIgniter\CodeIgniter->run()
 5 SYSTEMPATH\Commands\Server\rewrite.php(47): require_once('D:\\Coolyeah\\PBL\\Backend\\aa\\Teanology_Back_End\\public\\index.php')
WARNING - 2024-04-25 21:48:06 --> [DEPRECATED] Creation of dynamic property App\Controllers\Products::$products is deprecated in APPPATH\Controllers\Products.php on line 17.
 1 SYSTEMPATH\CodeIgniter.php(913): App\Controllers\Products->__construct()
 2 SYSTEMPATH\CodeIgniter.php(493): CodeIgniter\CodeIgniter->createController()
 3 SYSTEMPATH\CodeIgniter.php(361): CodeIgniter\CodeIgniter->handleRequest(null, Object(Config\Cache), false)
 4 FCPATH\index.php(79): CodeIgniter\CodeIgniter->run()
 5 SYSTEMPATH\Commands\Server\rewrite.php(47): require_once('D:\\Coolyeah\\PBL\\Backend\\aa\\Teanology_Back_End\\public\\index.php')
WARNING - 2024-04-25 21:48:06 --> [DEPRECATED] Creation of dynamic property App\Controllers\Products::$category is deprecated in APPPATH\Controllers\Products.php on line 16.
 1 SYSTEMPATH\CodeIgniter.php(913): App\Controllers\Products->__construct()
 2 SYSTEMPATH\CodeIgniter.php(493): CodeIgniter\CodeIgniter->createController()
 3 SYSTEMPATH\CodeIgniter.php(361): CodeIgniter\CodeIgniter->handleRequest(null, Object(Config\Cache), false)
 4 FCPATH\index.php(79): CodeIgniter\CodeIgniter->run()
 5 SYSTEMPATH\Commands\Server\rewrite.php(47): require_once('D:\\Coolyeah\\PBL\\Backend\\aa\\Teanology_Back_End\\public\\index.php')
WARNING - 2024-04-25 21:48:06 --> [DEPRECATED] Creation of dynamic property App\Controllers\Products::$products is deprecated in APPPATH\Controllers\Products.php on line 17.
 1 SYSTEMPATH\CodeIgniter.php(913): App\Controllers\Products->__construct()
 2 SYSTEMPATH\CodeIgniter.php(493): CodeIgniter\CodeIgniter->createController()
 3 SYSTEMPATH\CodeIgniter.php(361): CodeIgniter\CodeIgniter->handleRequest(null, Object(Config\Cache), false)
 4 FCPATH\index.php(79): CodeIgniter\CodeIgniter->run()
 5 SYSTEMPATH\Commands\Server\rewrite.php(47): require_once('D:\\Coolyeah\\PBL\\Backend\\aa\\Teanology_Back_End\\public\\index.php')
WARNING - 2024-04-25 21:48:06 --> [DEPRECATED] Creation of dynamic property App\Controllers\Products::$category is deprecated in APPPATH\Controllers\Products.php on line 16.
 1 SYSTEMPATH\CodeIgniter.php(913): App\Controllers\Products->__construct()
 2 SYSTEMPATH\CodeIgniter.php(493): CodeIgniter\CodeIgniter->createController()
 3 SYSTEMPATH\CodeIgniter.php(361): CodeIgniter\CodeIgniter->handleRequest(null, Object(Config\Cache), false)
 4 FCPATH\index.php(79): CodeIgniter\CodeIgniter->run()
 5 SYSTEMPATH\Commands\Server\rewrite.php(47): require_once('D:\\Coolyeah\\PBL\\Backend\\aa\\Teanology_Back_End\\public\\index.php')
WARNING - 2024-04-25 21:48:06 --> [DEPRECATED] Creation of dynamic property App\Controllers\Products::$products is deprecated in APPPATH\Controllers\Products.php on line 17.
 1 SYSTEMPATH\CodeIgniter.php(913): App\Controllers\Products->__construct()
 2 SYSTEMPATH\CodeIgniter.php(493): CodeIgniter\CodeIgniter->createController()
 3 SYSTEMPATH\CodeIgniter.php(361): CodeIgniter\CodeIgniter->handleRequest(null, Object(Config\Cache), false)
 4 FCPATH\index.php(79): CodeIgniter\CodeIgniter->run()
 5 SYSTEMPATH\Commands\Server\rewrite.php(47): require_once('D:\\Coolyeah\\PBL\\Backend\\aa\\Teanology_Back_End\\public\\index.php')
WARNING - 2024-04-25 21:48:06 --> [DEPRECATED] Creation of dynamic property App\Controllers\Products::$category is deprecated in APPPATH\Controllers\Products.php on line 16.
 1 SYSTEMPATH\CodeIgniter.php(913): App\Controllers\Products->__construct()
 2 SYSTEMPATH\CodeIgniter.php(493): CodeIgniter\CodeIgniter->createController()
 3 SYSTEMPATH\CodeIgniter.php(361): CodeIgniter\CodeIgniter->handleRequest(null, Object(Config\Cache), false)
 4 FCPATH\index.php(79): CodeIgniter\CodeIgniter->run()
 5 SYSTEMPATH\Commands\Server\rewrite.php(47): require_once('D:\\Coolyeah\\PBL\\Backend\\aa\\Teanology_Back_End\\public\\index.php')
WARNING - 2024-04-25 21:48:06 --> [DEPRECATED] Creation of dynamic property App\Controllers\Products::$products is deprecated in APPPATH\Controllers\Products.php on line 17.
 1 SYSTEMPATH\CodeIgniter.php(913): App\Controllers\Products->__construct()
 2 SYSTEMPATH\CodeIgniter.php(493): CodeIgniter\CodeIgniter->createController()
 3 SYSTEMPATH\CodeIgniter.php(361): CodeIgniter\CodeIgniter->handleRequest(null, Object(Config\Cache), false)
 4 FCPATH\index.php(79): CodeIgniter\CodeIgniter->run()
 5 SYSTEMPATH\Commands\Server\rewrite.php(47): require_once('D:\\Coolyeah\\PBL\\Backend\\aa\\Teanology_Back_End\\public\\index.php')
WARNING - 2024-04-25 21:48:06 --> [DEPRECATED] Creation of dynamic property App\Controllers\Products::$category is deprecated in APPPATH\Controllers\Products.php on line 16.
 1 SYSTEMPATH\CodeIgniter.php(913): App\Controllers\Products->__construct()
 2 SYSTEMPATH\CodeIgniter.php(493): CodeIgniter\CodeIgniter->createController()
 3 SYSTEMPATH\CodeIgniter.php(361): CodeIgniter\CodeIgniter->handleRequest(null, Object(Config\Cache), false)
 4 FCPATH\index.php(79): CodeIgniter\CodeIgniter->run()
 5 SYSTEMPATH\Commands\Server\rewrite.php(47): require_once('D:\\Coolyeah\\PBL\\Backend\\aa\\Teanology_Back_End\\public\\index.php')
WARNING - 2024-04-25 21:48:06 --> [DEPRECATED] Creation of dynamic property App\Controllers\Products::$products is deprecated in APPPATH\Controllers\Products.php on line 17.
 1 SYSTEMPATH\CodeIgniter.php(913): App\Controllers\Products->__construct()
 2 SYSTEMPATH\CodeIgniter.php(493): CodeIgniter\CodeIgniter->createController()
 3 SYSTEMPATH\CodeIgniter.php(361): CodeIgniter\CodeIgniter->handleRequest(null, Object(Config\Cache), false)
 4 FCPATH\index.php(79): CodeIgniter\CodeIgniter->run()
 5 SYSTEMPATH\Commands\Server\rewrite.php(47): require_once('D:\\Coolyeah\\PBL\\Backend\\aa\\Teanology_Back_End\\public\\index.php')
WARNING - 2024-04-25 21:48:06 --> [DEPRECATED] Creation of dynamic property App\Controllers\Products::$category is deprecated in APPPATH\Controllers\Products.php on line 16.
 1 SYSTEMPATH\CodeIgniter.php(913): App\Controllers\Products->__construct()
 2 SYSTEMPATH\CodeIgniter.php(493): CodeIgniter\CodeIgniter->createController()
 3 SYSTEMPATH\CodeIgniter.php(361): CodeIgniter\CodeIgniter->handleRequest(null, Object(Config\Cache), false)
 4 FCPATH\index.php(79): CodeIgniter\CodeIgniter->run()
 5 SYSTEMPATH\Commands\Server\rewrite.php(47): require_once('D:\\Coolyeah\\PBL\\Backend\\aa\\Teanology_Back_End\\public\\index.php')
WARNING - 2024-04-25 21:48:06 --> [DEPRECATED] Creation of dynamic property App\Controllers\Products::$products is deprecated in APPPATH\Controllers\Products.php on line 17.
 1 SYSTEMPATH\CodeIgniter.php(913): App\Controllers\Products->__construct()
 2 SYSTEMPATH\CodeIgniter.php(493): CodeIgniter\CodeIgniter->createController()
 3 SYSTEMPATH\CodeIgniter.php(361): CodeIgniter\CodeIgniter->handleRequest(null, Object(Config\Cache), false)
 4 FCPATH\index.php(79): CodeIgniter\CodeIgniter->run()
 5 SYSTEMPATH\Commands\Server\rewrite.php(47): require_once('D:\\Coolyeah\\PBL\\Backend\\aa\\Teanology_Back_End\\public\\index.php')
WARNING - 2024-04-25 21:48:06 --> [DEPRECATED] Creation of dynamic property App\Controllers\Products::$category is deprecated in APPPATH\Controllers\Products.php on line 16.
 1 SYSTEMPATH\CodeIgniter.php(913): App\Controllers\Products->__construct()
 2 SYSTEMPATH\CodeIgniter.php(493): CodeIgniter\CodeIgniter->createController()
 3 SYSTEMPATH\CodeIgniter.php(361): CodeIgniter\CodeIgniter->handleRequest(null, Object(Config\Cache), false)
 4 FCPATH\index.php(79): CodeIgniter\CodeIgniter->run()
 5 SYSTEMPATH\Commands\Server\rewrite.php(47): require_once('D:\\Coolyeah\\PBL\\Backend\\aa\\Teanology_Back_End\\public\\index.php')
WARNING - 2024-04-25 21:48:06 --> [DEPRECATED] Creation of dynamic property App\Controllers\Products::$products is deprecated in APPPATH\Controllers\Products.php on line 17.
 1 SYSTEMPATH\CodeIgniter.php(913): App\Controllers\Products->__construct()
 2 SYSTEMPATH\CodeIgniter.php(493): CodeIgniter\CodeIgniter->createController()
 3 SYSTEMPATH\CodeIgniter.php(361): CodeIgniter\CodeIgniter->handleRequest(null, Object(Config\Cache), false)
 4 FCPATH\index.php(79): CodeIgniter\CodeIgniter->run()
 5 SYSTEMPATH\Commands\Server\rewrite.php(47): require_once('D:\\Coolyeah\\PBL\\Backend\\aa\\Teanology_Back_End\\public\\index.php')
WARNING - 2024-04-25 21:48:06 --> [DEPRECATED] Creation of dynamic property App\Controllers\Products::$category is deprecated in APPPATH\Controllers\Products.php on line 16.
 1 SYSTEMPATH\CodeIgniter.php(913): App\Controllers\Products->__construct()
 2 SYSTEMPATH\CodeIgniter.php(493): CodeIgniter\CodeIgniter->createController()
 3 SYSTEMPATH\CodeIgniter.php(361): CodeIgniter\CodeIgniter->handleRequest(null, Object(Config\Cache), false)
 4 FCPATH\index.php(79): CodeIgniter\CodeIgniter->run()
 5 SYSTEMPATH\Commands\Server\rewrite.php(47): require_once('D:\\Coolyeah\\PBL\\Backend\\aa\\Teanology_Back_End\\public\\index.php')
WARNING - 2024-04-25 21:48:06 --> [DEPRECATED] Creation of dynamic property App\Controllers\Products::$products is deprecated in APPPATH\Controllers\Products.php on line 17.
 1 SYSTEMPATH\CodeIgniter.php(913): App\Controllers\Products->__construct()
 2 SYSTEMPATH\CodeIgniter.php(493): CodeIgniter\CodeIgniter->createController()
 3 SYSTEMPATH\CodeIgniter.php(361): CodeIgniter\CodeIgniter->handleRequest(null, Object(Config\Cache), false)
 4 FCPATH\index.php(79): CodeIgniter\CodeIgniter->run()
 5 SYSTEMPATH\Commands\Server\rewrite.php(47): require_once('D:\\Coolyeah\\PBL\\Backend\\aa\\Teanology_Back_End\\public\\index.php')
WARNING - 2024-04-25 21:48:10 --> [DEPRECATED] Creation of dynamic property App\Controllers\Products::$category is deprecated in APPPATH\Controllers\Products.php on line 16.
 1 SYSTEMPATH\CodeIgniter.php(913): App\Controllers\Products->__construct()
 2 SYSTEMPATH\CodeIgniter.php(493): CodeIgniter\CodeIgniter->createController()
 3 SYSTEMPATH\CodeIgniter.php(361): CodeIgniter\CodeIgniter->handleRequest(null, Object(Config\Cache), false)
 4 FCPATH\index.php(79): CodeIgniter\CodeIgniter->run()
 5 SYSTEMPATH\Commands\Server\rewrite.php(47): require_once('D:\\Coolyeah\\PBL\\Backend\\aa\\Teanology_Back_End\\public\\index.php')
WARNING - 2024-04-25 21:48:10 --> [DEPRECATED] Creation of dynamic property App\Controllers\Products::$products is deprecated in APPPATH\Controllers\Products.php on line 17.
 1 SYSTEMPATH\CodeIgniter.php(913): App\Controllers\Products->__construct()
 2 SYSTEMPATH\CodeIgniter.php(493): CodeIgniter\CodeIgniter->createController()
 3 SYSTEMPATH\CodeIgniter.php(361): CodeIgniter\CodeIgniter->handleRequest(null, Object(Config\Cache), false)
 4 FCPATH\index.php(79): CodeIgniter\CodeIgniter->run()
 5 SYSTEMPATH\Commands\Server\rewrite.php(47): require_once('D:\\Coolyeah\\PBL\\Backend\\aa\\Teanology_Back_End\\public\\index.php')
WARNING - 2024-04-25 21:48:11 --> [DEPRECATED] Creation of dynamic property App\Controllers\Products::$category is deprecated in APPPATH\Controllers\Products.php on line 16.
 1 SYSTEMPATH\CodeIgniter.php(913): App\Controllers\Products->__construct()
 2 SYSTEMPATH\CodeIgniter.php(493): CodeIgniter\CodeIgniter->createController()
 3 SYSTEMPATH\CodeIgniter.php(361): CodeIgniter\CodeIgniter->handleRequest(null, Object(Config\Cache), false)
 4 FCPATH\index.php(79): CodeIgniter\CodeIgniter->run()
 5 SYSTEMPATH\Commands\Server\rewrite.php(47): require_once('D:\\Coolyeah\\PBL\\Backend\\aa\\Teanology_Back_End\\public\\index.php')
WARNING - 2024-04-25 21:48:11 --> [DEPRECATED] Creation of dynamic property App\Controllers\Products::$products is deprecated in APPPATH\Controllers\Products.php on line 17.
 1 SYSTEMPATH\CodeIgniter.php(913): App\Controllers\Products->__construct()
 2 SYSTEMPATH\CodeIgniter.php(493): CodeIgniter\CodeIgniter->createController()
 3 SYSTEMPATH\CodeIgniter.php(361): CodeIgniter\CodeIgniter->handleRequest(null, Object(Config\Cache), false)
 4 FCPATH\index.php(79): CodeIgniter\CodeIgniter->run()
 5 SYSTEMPATH\Commands\Server\rewrite.php(47): require_once('D:\\Coolyeah\\PBL\\Backend\\aa\\Teanology_Back_End\\public\\index.php')
WARNING - 2024-04-25 21:48:11 --> [DEPRECATED] Creation of dynamic property App\Controllers\Products::$category is deprecated in APPPATH\Controllers\Products.php on line 16.
 1 SYSTEMPATH\CodeIgniter.php(913): App\Controllers\Products->__construct()
 2 SYSTEMPATH\CodeIgniter.php(493): CodeIgniter\CodeIgniter->createController()
 3 SYSTEMPATH\CodeIgniter.php(361): CodeIgniter\CodeIgniter->handleRequest(null, Object(Config\Cache), false)
 4 FCPATH\index.php(79): CodeIgniter\CodeIgniter->run()
 5 SYSTEMPATH\Commands\Server\rewrite.php(47): require_once('D:\\Coolyeah\\PBL\\Backend\\aa\\Teanology_Back_End\\public\\index.php')
WARNING - 2024-04-25 21:48:11 --> [DEPRECATED] Creation of dynamic property App\Controllers\Products::$products is deprecated in APPPATH\Controllers\Products.php on line 17.
 1 SYSTEMPATH\CodeIgniter.php(913): App\Controllers\Products->__construct()
 2 SYSTEMPATH\CodeIgniter.php(493): CodeIgniter\CodeIgniter->createController()
 3 SYSTEMPATH\CodeIgniter.php(361): CodeIgniter\CodeIgniter->handleRequest(null, Object(Config\Cache), false)
 4 FCPATH\index.php(79): CodeIgniter\CodeIgniter->run()
 5 SYSTEMPATH\Commands\Server\rewrite.php(47): require_once('D:\\Coolyeah\\PBL\\Backend\\aa\\Teanology_Back_End\\public\\index.php')
WARNING - 2024-04-25 21:48:11 --> [DEPRECATED] Creation of dynamic property App\Controllers\Products::$category is deprecated in APPPATH\Controllers\Products.php on line 16.
 1 SYSTEMPATH\CodeIgniter.php(913): App\Controllers\Products->__construct()
 2 SYSTEMPATH\CodeIgniter.php(493): CodeIgniter\CodeIgniter->createController()
 3 SYSTEMPATH\CodeIgniter.php(361): CodeIgniter\CodeIgniter->handleRequest(null, Object(Config\Cache), false)
 4 FCPATH\index.php(79): CodeIgniter\CodeIgniter->run()
 5 SYSTEMPATH\Commands\Server\rewrite.php(47): require_once('D:\\Coolyeah\\PBL\\Backend\\aa\\Teanology_Back_End\\public\\index.php')
WARNING - 2024-04-25 21:48:11 --> [DEPRECATED] Creation of dynamic property App\Controllers\Products::$products is deprecated in APPPATH\Controllers\Products.php on line 17.
 1 SYSTEMPATH\CodeIgniter.php(913): App\Controllers\Products->__construct()
 2 SYSTEMPATH\CodeIgniter.php(493): CodeIgniter\CodeIgniter->createController()
 3 SYSTEMPATH\CodeIgniter.php(361): CodeIgniter\CodeIgniter->handleRequest(null, Object(Config\Cache), false)
 4 FCPATH\index.php(79): CodeIgniter\CodeIgniter->run()
 5 SYSTEMPATH\Commands\Server\rewrite.php(47): require_once('D:\\Coolyeah\\PBL\\Backend\\aa\\Teanology_Back_End\\public\\index.php')
WARNING - 2024-04-25 21:48:11 --> [DEPRECATED] Creation of dynamic property App\Controllers\Products::$category is deprecated in APPPATH\Controllers\Products.php on line 16.
 1 SYSTEMPATH\CodeIgniter.php(913): App\Controllers\Products->__construct()
 2 SYSTEMPATH\CodeIgniter.php(493): CodeIgniter\CodeIgniter->createController()
 3 SYSTEMPATH\CodeIgniter.php(361): CodeIgniter\CodeIgniter->handleRequest(null, Object(Config\Cache), false)
 4 FCPATH\index.php(79): CodeIgniter\CodeIgniter->run()
 5 SYSTEMPATH\Commands\Server\rewrite.php(47): require_once('D:\\Coolyeah\\PBL\\Backend\\aa\\Teanology_Back_End\\public\\index.php')
WARNING - 2024-04-25 21:48:11 --> [DEPRECATED] Creation of dynamic property App\Controllers\Products::$products is deprecated in APPPATH\Controllers\Products.php on line 17.
 1 SYSTEMPATH\CodeIgniter.php(913): App\Controllers\Products->__construct()
 2 SYSTEMPATH\CodeIgniter.php(493): CodeIgniter\CodeIgniter->createController()
 3 SYSTEMPATH\CodeIgniter.php(361): CodeIgniter\CodeIgniter->handleRequest(null, Object(Config\Cache), false)
 4 FCPATH\index.php(79): CodeIgniter\CodeIgniter->run()
 5 SYSTEMPATH\Commands\Server\rewrite.php(47): require_once('D:\\Coolyeah\\PBL\\Backend\\aa\\Teanology_Back_End\\public\\index.php')
WARNING - 2024-04-25 21:48:12 --> [DEPRECATED] Creation of dynamic property App\Controllers\Products::$category is deprecated in APPPATH\Controllers\Products.php on line 16.
 1 SYSTEMPATH\CodeIgniter.php(913): App\Controllers\Products->__construct()
 2 SYSTEMPATH\CodeIgniter.php(493): CodeIgniter\CodeIgniter->createController()
 3 SYSTEMPATH\CodeIgniter.php(361): CodeIgniter\CodeIgniter->handleRequest(null, Object(Config\Cache), false)
 4 FCPATH\index.php(79): CodeIgniter\CodeIgniter->run()
 5 SYSTEMPATH\Commands\Server\rewrite.php(47): require_once('D:\\Coolyeah\\PBL\\Backend\\aa\\Teanology_Back_End\\public\\index.php')
WARNING - 2024-04-25 21:48:12 --> [DEPRECATED] Creation of dynamic property App\Controllers\Products::$products is deprecated in APPPATH\Controllers\Products.php on line 17.
 1 SYSTEMPATH\CodeIgniter.php(913): App\Controllers\Products->__construct()
 2 SYSTEMPATH\CodeIgniter.php(493): CodeIgniter\CodeIgniter->createController()
 3 SYSTEMPATH\CodeIgniter.php(361): CodeIgniter\CodeIgniter->handleRequest(null, Object(Config\Cache), false)
 4 FCPATH\index.php(79): CodeIgniter\CodeIgniter->run()
 5 SYSTEMPATH\Commands\Server\rewrite.php(47): require_once('D:\\Coolyeah\\PBL\\Backend\\aa\\Teanology_Back_End\\public\\index.php')
WARNING - 2024-04-25 21:48:12 --> [DEPRECATED] Creation of dynamic property App\Controllers\Products::$category is deprecated in APPPATH\Controllers\Products.php on line 16.
 1 SYSTEMPATH\CodeIgniter.php(913): App\Controllers\Products->__construct()
 2 SYSTEMPATH\CodeIgniter.php(493): CodeIgniter\CodeIgniter->createController()
 3 SYSTEMPATH\CodeIgniter.php(361): CodeIgniter\CodeIgniter->handleRequest(null, Object(Config\Cache), false)
 4 FCPATH\index.php(79): CodeIgniter\CodeIgniter->run()
 5 SYSTEMPATH\Commands\Server\rewrite.php(47): require_once('D:\\Coolyeah\\PBL\\Backend\\aa\\Teanology_Back_End\\public\\index.php')
WARNING - 2024-04-25 21:48:12 --> [DEPRECATED] Creation of dynamic property App\Controllers\Products::$products is deprecated in APPPATH\Controllers\Products.php on line 17.
 1 SYSTEMPATH\CodeIgniter.php(913): App\Controllers\Products->__construct()
 2 SYSTEMPATH\CodeIgniter.php(493): CodeIgniter\CodeIgniter->createController()
 3 SYSTEMPATH\CodeIgniter.php(361): CodeIgniter\CodeIgniter->handleRequest(null, Object(Config\Cache), false)
 4 FCPATH\index.php(79): CodeIgniter\CodeIgniter->run()
 5 SYSTEMPATH\Commands\Server\rewrite.php(47): require_once('D:\\Coolyeah\\PBL\\Backend\\aa\\Teanology_Back_End\\public\\index.php')
WARNING - 2024-04-25 21:49:04 --> [DEPRECATED] Creation of dynamic property App\Controllers\Products::$category is deprecated in APPPATH\Controllers\Products.php on line 16.
 1 SYSTEMPATH\CodeIgniter.php(913): App\Controllers\Products->__construct()
 2 SYSTEMPATH\CodeIgniter.php(493): CodeIgniter\CodeIgniter->createController()
 3 SYSTEMPATH\CodeIgniter.php(361): CodeIgniter\CodeIgniter->handleRequest(null, Object(Config\Cache), false)
 4 FCPATH\index.php(79): CodeIgniter\CodeIgniter->run()
 5 SYSTEMPATH\Commands\Server\rewrite.php(47): require_once('D:\\Coolyeah\\PBL\\Backend\\aa\\Teanology_Back_End\\public\\index.php')
WARNING - 2024-04-25 21:49:04 --> [DEPRECATED] Creation of dynamic property App\Controllers\Products::$products is deprecated in APPPATH\Controllers\Products.php on line 17.
 1 SYSTEMPATH\CodeIgniter.php(913): App\Controllers\Products->__construct()
 2 SYSTEMPATH\CodeIgniter.php(493): CodeIgniter\CodeIgniter->createController()
 3 SYSTEMPATH\CodeIgniter.php(361): CodeIgniter\CodeIgniter->handleRequest(null, Object(Config\Cache), false)
 4 FCPATH\index.php(79): CodeIgniter\CodeIgniter->run()
 5 SYSTEMPATH\Commands\Server\rewrite.php(47): require_once('D:\\Coolyeah\\PBL\\Backend\\aa\\Teanology_Back_End\\public\\index.php')
WARNING - 2024-04-25 21:49:10 --> [DEPRECATED] Creation of dynamic property App\Controllers\Products::$category is deprecated in APPPATH\Controllers\Products.php on line 16.
 1 SYSTEMPATH\CodeIgniter.php(913): App\Controllers\Products->__construct()
 2 SYSTEMPATH\CodeIgniter.php(493): CodeIgniter\CodeIgniter->createController()
 3 SYSTEMPATH\CodeIgniter.php(361): CodeIgniter\CodeIgniter->handleRequest(null, Object(Config\Cache), false)
 4 FCPATH\index.php(79): CodeIgniter\CodeIgniter->run()
 5 SYSTEMPATH\Commands\Server\rewrite.php(47): require_once('D:\\Coolyeah\\PBL\\Backend\\aa\\Teanology_Back_End\\public\\index.php')
WARNING - 2024-04-25 21:49:10 --> [DEPRECATED] Creation of dynamic property App\Controllers\Products::$products is deprecated in APPPATH\Controllers\Products.php on line 17.
 1 SYSTEMPATH\CodeIgniter.php(913): App\Controllers\Products->__construct()
 2 SYSTEMPATH\CodeIgniter.php(493): CodeIgniter\CodeIgniter->createController()
 3 SYSTEMPATH\CodeIgniter.php(361): CodeIgniter\CodeIgniter->handleRequest(null, Object(Config\Cache), false)
 4 FCPATH\index.php(79): CodeIgniter\CodeIgniter->run()
 5 SYSTEMPATH\Commands\Server\rewrite.php(47): require_once('D:\\Coolyeah\\PBL\\Backend\\aa\\Teanology_Back_End\\public\\index.php')
WARNING - 2024-04-25 21:49:17 --> [DEPRECATED] Creation of dynamic property App\Controllers\Products::$category is deprecated in APPPATH\Controllers\Products.php on line 16.
 1 SYSTEMPATH\CodeIgniter.php(913): App\Controllers\Products->__construct()
 2 SYSTEMPATH\CodeIgniter.php(493): CodeIgniter\CodeIgniter->createController()
 3 SYSTEMPATH\CodeIgniter.php(361): CodeIgniter\CodeIgniter->handleRequest(null, Object(Config\Cache), false)
 4 FCPATH\index.php(79): CodeIgniter\CodeIgniter->run()
 5 SYSTEMPATH\Commands\Server\rewrite.php(47): require_once('D:\\Coolyeah\\PBL\\Backend\\aa\\Teanology_Back_End\\public\\index.php')
WARNING - 2024-04-25 21:49:17 --> [DEPRECATED] Creation of dynamic property App\Controllers\Products::$products is deprecated in APPPATH\Controllers\Products.php on line 17.
 1 SYSTEMPATH\CodeIgniter.php(913): App\Controllers\Products->__construct()
 2 SYSTEMPATH\CodeIgniter.php(493): CodeIgniter\CodeIgniter->createController()
 3 SYSTEMPATH\CodeIgniter.php(361): CodeIgniter\CodeIgniter->handleRequest(null, Object(Config\Cache), false)
 4 FCPATH\index.php(79): CodeIgniter\CodeIgniter->run()
 5 SYSTEMPATH\Commands\Server\rewrite.php(47): require_once('D:\\Coolyeah\\PBL\\Backend\\aa\\Teanology_Back_End\\public\\index.php')
